Aug 22, 2017 8:32:29 PM com.spring.test.cei.smartalarm_serveur.smartalarm_serveur.src.ceiSmartalarm.Log info
INFO: Server started, listening on port : 8081
Aug 22, 2017 8:57:45 PM com.spring.test.cei.smartalarm_serveur.smartalarm_serveur.src.ceiSmartalarm.Log info
INFO: Acess token got : 58453d6229977e1ea68b968f|335ea81969ace458d28d3fa2b9ccf3b0
Aug 22, 2017 8:57:45 PM com.spring.test.cei.smartalarm_serveur.smartalarm_serveur.src.ceiSmartalarm.Log info
INFO: Server started, listening on port : 8081
Aug 22, 2017 9:03:57 PM com.spring.test.cei.smartalarm_serveur.smartalarm_serveur.src.ceiSmartalarm.Log info
INFO: Server started, listening on port : 8081
Aug 22, 2017 9:05:54 PM com.spring.test.cei.smartalarm_serveur.smartalarm_serveur.src.ceiSmartalarm.Log info
INFO: Acess token got : 58453d6229977e1ea68b968f|335ea81969ace458d28d3fa2b9ccf3b0
Aug 22, 2017 9:05:54 PM com.spring.test.cei.smartalarm_serveur.smartalarm_serveur.src.ceiSmartalarm.Log info
INFO: Drop odd webhook succeeded.
Aug 22, 2017 9:05:55 PM com.spring.test.cei.smartalarm_serveur.smartalarm_serveur.src.ceiSmartalarm.Log info
INFO: Add new addhook succeeded: http://43.ip-51-255-41.eu:8081/api/netatmo
Aug 22, 2017 9:05:55 PM com.spring.test.cei.smartalarm_serveur.smartalarm_serveur.src.ceiSmartalarm.Log info
INFO: Server started, listening on port : 8081
Aug 23, 2017 9:43:20 PM com.spring.test.cei.smartalarm_serveur.smartalarm_serveur.src.ceiSmartalarm.Log info
INFO: Server started, listening on port : 8081
Aug 23, 2017 9:48:56 PM com.spring.test.cei.smartalarm_serveur.smartalarm_serveur.src.ceiSmartalarm.Log info
INFO: Acess token got : 58453d6229977e1ea68b968f|c13b11b8a4010378d99224973157f3f6
Aug 23, 2017 9:48:56 PM com.spring.test.cei.smartalarm_serveur.smartalarm_serveur.src.ceiSmartalarm.Log info
INFO: Drop odd webhook succeeded.
Aug 23, 2017 9:48:57 PM com.spring.test.cei.smartalarm_serveur.smartalarm_serveur.src.ceiSmartalarm.Log info
INFO: Add new addhook succeeded: http://43.ip-51-255-41.eu:8081/api/netatmo
Aug 23, 2017 9:48:57 PM com.spring.test.cei.smartalarm_serveur.smartalarm_serveur.src.ceiSmartalarm.Log info
INFO: Server started, listening on port : 8081
Aug 23, 2017 10:02:11 PM com.spring.test.cei.smartalarm_serveur.smartalarm_serveur.src.ceiSmartalarm.Log info
INFO: Acess token got : 58453d6229977e1ea68b968f|c13b11b8a4010378d99224973157f3f6
Aug 23, 2017 10:02:11 PM com.spring.test.cei.smartalarm_serveur.smartalarm_serveur.src.ceiSmartalarm.Log info
INFO: Drop odd webhook succeeded.
Aug 23, 2017 10:02:12 PM com.spring.test.cei.smartalarm_serveur.smartalarm_serveur.src.ceiSmartalarm.Log info
INFO: Add new addhook succeeded: http://43.ip-51-255-41.eu:8081/api/netatmo
Aug 23, 2017 10:02:12 PM com.spring.test.cei.smartalarm_serveur.smartalarm_serveur.src.ceiSmartalarm.Log info
INFO: Server started, listening on port : 8081
Aug 23, 2017 10:08:16 PM com.spring.test.cei.smartalarm_serveur.smartalarm_serveur.src.ceiSmartalarm.Log info
INFO: Acess token got : 58453d6229977e1ea68b968f|c13b11b8a4010378d99224973157f3f6
Aug 23, 2017 10:08:16 PM com.spring.test.cei.smartalarm_serveur.smartalarm_serveur.src.ceiSmartalarm.Log info
INFO: Drop odd webhook succeeded.
Aug 23, 2017 10:08:16 PM com.spring.test.cei.smartalarm_serveur.smartalarm_serveur.src.ceiSmartalarm.Log info
INFO: Add new addhook succeeded: http://43.ip-51-255-41.eu:8081/api/netatmo
Aug 23, 2017 10:08:16 PM com.spring.test.cei.smartalarm_serveur.smartalarm_serveur.src.ceiSmartalarm.Log info
INFO: Server started, listening on port : 8081
Aug 25, 2017 11:14:23 AM com.spring.test.cei.smartalarm_serveur.smartalarm_serveur.src.ceiSmartalarm.Log info
INFO: Acess token got : 58453d6229977e1ea68b968f|ff74d3eb35ad8419164b528311f65020
Aug 25, 2017 11:14:23 AM com.spring.test.cei.smartalarm_serveur.smartalarm_serveur.src.ceiSmartalarm.Log info
INFO: Drop odd webhook succeeded.
Aug 25, 2017 11:14:24 AM com.spring.test.cei.smartalarm_serveur.smartalarm_serveur.src.ceiSmartalarm.Log info
INFO: Add new addhook succeeded: http://43.ip-51-255-41.eu:8081/api/netatmo
Aug 25, 2017 11:14:24 AM com.spring.test.cei.smartalarm_serveur.smartalarm_serveur.src.ceiSmartalarm.Log info
INFO: Server started, listening on port : 8081
Aug 25, 2017 11:24:24 AM com.spring.test.cei.smartalarm_serveur.smartalarm_serveur.src.ceiSmartalarm.Log info
INFO: Acess token got : 58453d6229977e1ea68b968f|ff74d3eb35ad8419164b528311f65020
Aug 25, 2017 11:24:24 AM com.spring.test.cei.smartalarm_serveur.smartalarm_serveur.src.ceiSmartalarm.Log info
INFO: Drop odd webhook succeeded.
Aug 25, 2017 11:24:24 AM com.spring.test.cei.smartalarm_serveur.smartalarm_serveur.src.ceiSmartalarm.Log info
INFO: Add new addhook succeeded: http://43.ip-51-255-41.eu:8081/api/netatmo
Aug 25, 2017 11:24:24 AM com.spring.test.cei.smartalarm_serveur.smartalarm_serveur.src.ceiSmartalarm.Log info
INFO: Server started, listening on port : 8081
Aug 25, 2017 11:30:54 AM com.spring.test.cei.smartalarm_serveur.smartalarm_serveur.src.ceiSmartalarm.Log info
INFO: Acess token got : 58453d6229977e1ea68b968f|ff74d3eb35ad8419164b528311f65020
Aug 25, 2017 11:30:54 AM com.spring.test.cei.smartalarm_serveur.smartalarm_serveur.src.ceiSmartalarm.Log info
INFO: Drop odd webhook succeeded.
Aug 25, 2017 11:30:54 AM com.spring.test.cei.smartalarm_serveur.smartalarm_serveur.src.ceiSmartalarm.Log info
INFO: Add new addhook succeeded: http://43.ip-51-255-41.eu:8081/api/netatmo
Aug 25, 2017 11:30:54 AM com.spring.test.cei.smartalarm_serveur.smartalarm_serveur.src.ceiSmartalarm.Log info
INFO: Server started, listening on port : 8081
Aug 25, 2017 11:37:58 AM com.spring.test.cei.smartalarm_serveur.smartalarm_serveur.src.ceiSmartalarm.Log info
INFO: Acess token got : 58453d6229977e1ea68b968f|ff74d3eb35ad8419164b528311f65020
Aug 25, 2017 11:37:58 AM com.spring.test.cei.smartalarm_serveur.smartalarm_serveur.src.ceiSmartalarm.Log info
INFO: Drop odd webhook succeeded.
Aug 25, 2017 11:37:59 AM com.spring.test.cei.smartalarm_serveur.smartalarm_serveur.src.ceiSmartalarm.Log info
INFO: Add new addhook succeeded: http://43.ip-51-255-41.eu:8081/api/netatmo
Aug 25, 2017 11:37:59 AM com.spring.test.cei.smartalarm_serveur.smartalarm_serveur.src.ceiSmartalarm.Log info
INFO: Server started, listening on port : 8081
Aug 25, 2017 11:50:23 AM com.spring.test.cei.smartalarm_serveur.smartalarm_serveur.src.ceiSmartalarm.Log info
INFO: Acess token got : 58453d6229977e1ea68b968f|ff74d3eb35ad8419164b528311f65020
Aug 25, 2017 11:50:23 AM com.spring.test.cei.smartalarm_serveur.smartalarm_serveur.src.ceiSmartalarm.Log info
INFO: Drop odd webhook succeeded.
Aug 25, 2017 11:50:24 AM com.spring.test.cei.smartalarm_serveur.smartalarm_serveur.src.ceiSmartalarm.Log info
INFO: Add new addhook succeeded: http://43.ip-51-255-41.eu:8081/api/netatmo
Aug 25, 2017 11:50:24 AM com.spring.test.cei.smartalarm_serveur.smartalarm_serveur.src.ceiSmartalarm.Log info
INFO: Server started, listening on port : 8081
Aug 25, 2017 11:53:41 AM com.spring.test.cei.smartalarm_serveur.smartalarm_serveur.src.ceiSmartalarm.Log info
INFO: Acess token got : 58453d6229977e1ea68b968f|ff74d3eb35ad8419164b528311f65020
Aug 25, 2017 11:53:42 AM com.spring.test.cei.smartalarm_serveur.smartalarm_serveur.src.ceiSmartalarm.Log info
INFO: Drop odd webhook succeeded.
Aug 25, 2017 11:53:43 AM com.spring.test.cei.smartalarm_serveur.smartalarm_serveur.src.ceiSmartalarm.Log info
INFO: Add new addhook succeeded: http://43.ip-51-255-41.eu:8081/api/netatmo
Aug 25, 2017 11:53:43 AM com.spring.test.cei.smartalarm_serveur.smartalarm_serveur.src.ceiSmartalarm.Log info
INFO: Server started, listening on port : 8081
Aug 25, 2017 11:56:56 AM com.spring.test.cei.smartalarm_serveur.smartalarm_serveur.src.ceiSmartalarm.Log info
INFO: Acess token got : 58453d6229977e1ea68b968f|ff74d3eb35ad8419164b528311f65020
Aug 25, 2017 11:56:58 AM com.spring.test.cei.smartalarm_serveur.smartalarm_serveur.src.ceiSmartalarm.Log info
INFO: Drop odd webhook succeeded.
Aug 25, 2017 11:56:59 AM com.spring.test.cei.smartalarm_serveur.smartalarm_serveur.src.ceiSmartalarm.Log info
INFO: Add new addhook succeeded: http://43.ip-51-255-41.eu:8081/api/netatmo
Aug 25, 2017 11:56:59 AM com.spring.test.cei.smartalarm_serveur.smartalarm_serveur.src.ceiSmartalarm.Log info
INFO: Server started, listening on port : 8081
Aug 25, 2017 12:00:12 PM com.spring.test.cei.smartalarm_serveur.smartalarm_serveur.src.ceiSmartalarm.Log info
INFO: Acess token got : 58453d6229977e1ea68b968f|ff74d3eb35ad8419164b528311f65020
Aug 25, 2017 12:00:12 PM com.spring.test.cei.smartalarm_serveur.smartalarm_serveur.src.ceiSmartalarm.Log info
INFO: Drop odd webhook succeeded.
Aug 25, 2017 12:00:19 PM com.spring.test.cei.smartalarm_serveur.smartalarm_serveur.src.ceiSmartalarm.Log info
INFO: Add new addhook succeeded: http://43.ip-51-255-41.eu:8081/api/netatmo
Aug 25, 2017 12:00:19 PM com.spring.test.cei.smartalarm_serveur.smartalarm_serveur.src.ceiSmartalarm.Log info
INFO: Server started, listening on port : 8081
Aug 25, 2017 12:03:13 PM com.spring.test.cei.smartalarm_serveur.smartalarm_serveur.src.ceiSmartalarm.Log info
INFO: Acess token got : 58453d6229977e1ea68b968f|ff74d3eb35ad8419164b528311f65020
Aug 25, 2017 12:03:14 PM com.spring.test.cei.smartalarm_serveur.smartalarm_serveur.src.ceiSmartalarm.Log info
INFO: Drop odd webhook succeeded.
Aug 25, 2017 12:03:14 PM com.spring.test.cei.smartalarm_serveur.smartalarm_serveur.src.ceiSmartalarm.Log info
INFO: Add new addhook succeeded: http://43.ip-51-255-41.eu:8081/api/netatmo
Aug 25, 2017 12:03:14 PM com.spring.test.cei.smartalarm_serveur.smartalarm_serveur.src.ceiSmartalarm.Log info
INFO: Server started, listening on port : 8081
Aug 25, 2017 8:25:51 PM com.spring.test.cei.smartalarm_serveur.smartalarm_serveur.src.ceiSmartalarm.Log info
INFO: Acess token got : 58453d6229977e1ea68b968f|99e388cdce6d17d744bf6b9c0eeea367
Aug 25, 2017 8:25:52 PM com.spring.test.cei.smartalarm_serveur.smartalarm_serveur.src.ceiSmartalarm.Log info
INFO: Drop odd webhook succeeded.
Aug 25, 2017 8:25:52 PM com.spring.test.cei.smartalarm_serveur.smartalarm_serveur.src.ceiSmartalarm.Log info
INFO: Add new addhook succeeded: http://43.ip-51-255-41.eu:8081/api/netatmo
Aug 25, 2017 8:25:52 PM com.spring.test.cei.smartalarm_serveur.smartalarm_serveur.src.ceiSmartalarm.Log info
INFO: Server started, listening on port : 8081
Aug 26, 2017 12:17:58 AM com.spring.test.cei.smartalarm_serveur.smartalarm_serveur.src.ceiSmartalarm.Log info
INFO: Acess token got : 58453d6229977e1ea68b968f|95089b4448d396b3702c74e3dc4f88bc
Aug 26, 2017 12:17:58 AM com.spring.test.cei.smartalarm_serveur.smartalarm_serveur.src.ceiSmartalarm.Log info
INFO: Drop odd webhook succeeded.
Aug 26, 2017 12:17:59 AM com.spring.test.cei.smartalarm_serveur.smartalarm_serveur.src.ceiSmartalarm.Log info
INFO: Add new addhook succeeded: http://43.ip-51-255-41.eu:8081/api/netatmo
Aug 26, 2017 12:17:59 AM com.spring.test.cei.smartalarm_serveur.smartalarm_serveur.src.ceiSmartalarm.Log info
INFO: Server started, listening on port : 8081
Aug 26, 2017 12:44:19 AM com.spring.test.cei.smartalarm_serveur.smartalarm_serveur.src.ceiSmartalarm.Log info
INFO: Acess token got : 58453d6229977e1ea68b968f|95089b4448d396b3702c74e3dc4f88bc
Aug 26, 2017 12:44:19 AM com.spring.test.cei.smartalarm_serveur.smartalarm_serveur.src.ceiSmartalarm.Log info
INFO: Drop odd webhook succeeded.
Aug 26, 2017 12:44:20 AM com.spring.test.cei.smartalarm_serveur.smartalarm_serveur.src.ceiSmartalarm.Log info
INFO: Add new addhook succeeded: http://43.ip-51-255-41.eu:8081/api/netatmo
Aug 26, 2017 12:44:20 AM com.spring.test.cei.smartalarm_serveur.smartalarm_serveur.src.ceiSmartalarm.Log info
INFO: Server started, listening on port : 8081
Aug 26, 2017 8:17:15 AM com.spring.test.cei.smartalarm_serveur.smartalarm_serveur.src.ceiSmartalarm.Log info
INFO: Acess token got : 58453d6229977e1ea68b968f|3da6bc344b7d7c97686658e2acf08dfb
Aug 26, 2017 8:17:16 AM com.spring.test.cei.smartalarm_serveur.smartalarm_serveur.src.ceiSmartalarm.Log info
INFO: Drop odd webhook succeeded.
Aug 26, 2017 8:17:16 AM com.spring.test.cei.smartalarm_serveur.smartalarm_serveur.src.ceiSmartalarm.Log info
INFO: Add new addhook succeeded: http://43.ip-51-255-41.eu:8081/api/netatmo
Aug 26, 2017 8:17:16 AM com.spring.test.cei.smartalarm_serveur.smartalarm_serveur.src.ceiSmartalarm.Log info
INFO: Server started, listening on port : 8081
Aug 26, 2017 8:34:24 AM com.spring.test.cei.smartalarm_serveur.smartalarm_serveur.src.ceiSmartalarm.Log info
INFO: Acess token got : 58453d6229977e1ea68b968f|3da6bc344b7d7c97686658e2acf08dfb
Aug 26, 2017 8:34:25 AM com.spring.test.cei.smartalarm_serveur.smartalarm_serveur.src.ceiSmartalarm.Log info
INFO: Drop odd webhook succeeded.
Aug 26, 2017 8:34:25 AM com.spring.test.cei.smartalarm_serveur.smartalarm_serveur.src.ceiSmartalarm.Log info
INFO: Add new addhook succeeded: http://43.ip-51-255-41.eu:8081/api/netatmo
Aug 26, 2017 8:34:25 AM com.spring.test.cei.smartalarm_serveur.smartalarm_serveur.src.ceiSmartalarm.Log info
INFO: Server started, listening on port : 8081
Aug 26, 2017 8:41:03 AM com.spring.test.cei.smartalarm_serveur.smartalarm_serveur.src.ceiSmartalarm.Log info
INFO: Acess token got : 58453d6229977e1ea68b968f|3da6bc344b7d7c97686658e2acf08dfb
Aug 26, 2017 8:41:04 AM com.spring.test.cei.smartalarm_serveur.smartalarm_serveur.src.ceiSmartalarm.Log info
INFO: Drop odd webhook succeeded.
Aug 26, 2017 8:41:04 AM com.spring.test.cei.smartalarm_serveur.smartalarm_serveur.src.ceiSmartalarm.Log info
INFO: Add new addhook succeeded: http://43.ip-51-255-41.eu:8081/api/netatmo
Aug 26, 2017 8:41:04 AM com.spring.test.cei.smartalarm_serveur.smartalarm_serveur.src.ceiSmartalarm.Log info
INFO: Server started, listening on port : 8081
Aug 26, 2017 8:53:07 AM com.spring.test.cei.smartalarm_serveur.smartalarm_serveur.src.ceiSmartalarm.Log info
INFO: Acess token got : 58453d6229977e1ea68b968f|3da6bc344b7d7c97686658e2acf08dfb
Aug 26, 2017 8:53:07 AM com.spring.test.cei.smartalarm_serveur.smartalarm_serveur.src.ceiSmartalarm.Log info
INFO: Drop odd webhook succeeded.
Aug 26, 2017 8:53:07 AM com.spring.test.cei.smartalarm_serveur.smartalarm_serveur.src.ceiSmartalarm.Log info
INFO: Add new addhook succeeded: http://43.ip-51-255-41.eu:8081/api/netatmo
Aug 26, 2017 8:53:07 AM com.spring.test.cei.smartalarm_serveur.smartalarm_serveur.src.ceiSmartalarm.Log info
INFO: Server started, listening on port : 8081
Aug 26, 2017 9:35:44 AM com.spring.test.cei.smartalarm_serveur.smartalarm_serveur.src.ceiSmartalarm.Log info
INFO: Acess token got : 58453d6229977e1ea68b968f|3da6bc344b7d7c97686658e2acf08dfb
Aug 26, 2017 9:35:44 AM com.spring.test.cei.smartalarm_serveur.smartalarm_serveur.src.ceiSmartalarm.Log info
INFO: Drop odd webhook succeeded.
Aug 26, 2017 9:35:45 AM com.spring.test.cei.smartalarm_serveur.smartalarm_serveur.src.ceiSmartalarm.Log info
INFO: Add new addhook succeeded: http://43.ip-51-255-41.eu:8081/api/netatmo
Aug 26, 2017 9:35:45 AM com.spring.test.cei.smartalarm_serveur.smartalarm_serveur.src.ceiSmartalarm.Log info
INFO: Server started, listening on port : 8081
Aug 26, 2017 10:08:00 AM com.spring.test.cei.smartalarm_serveur.smartalarm_serveur.src.ceiSmartalarm.Log info
INFO: Acess token got : 58453d6229977e1ea68b968f|3da6bc344b7d7c97686658e2acf08dfb
Aug 26, 2017 10:08:01 AM com.spring.test.cei.smartalarm_serveur.smartalarm_serveur.src.ceiSmartalarm.Log info
INFO: Drop odd webhook succeeded.
Aug 26, 2017 10:08:02 AM com.spring.test.cei.smartalarm_serveur.smartalarm_serveur.src.ceiSmartalarm.Log info
INFO: Add new addhook succeeded: http://43.ip-51-255-41.eu:8081/api/netatmo
Aug 26, 2017 10:08:02 AM com.spring.test.cei.smartalarm_serveur.smartalarm_serveur.src.ceiSmartalarm.Log info
INFO: Server started, listening on port : 8081
Aug 26, 2017 10:11:10 AM com.spring.test.cei.smartalarm_serveur.smartalarm_serveur.src.ceiSmartalarm.Log info
INFO: Acess token got : 58453d6229977e1ea68b968f|3da6bc344b7d7c97686658e2acf08dfb
Aug 26, 2017 10:11:11 AM com.spring.test.cei.smartalarm_serveur.smartalarm_serveur.src.ceiSmartalarm.Log info
INFO: Drop odd webhook succeeded.
Aug 26, 2017 10:11:11 AM com.spring.test.cei.smartalarm_serveur.smartalarm_serveur.src.ceiSmartalarm.Log info
INFO: Add new addhook succeeded: http://43.ip-51-255-41.eu:8081/api/netatmo
Aug 26, 2017 10:11:11 AM com.spring.test.cei.smartalarm_serveur.smartalarm_serveur.src.ceiSmartalarm.Log info
INFO: Server started, listening on port : 8081
Aug 26, 2017 10:20:03 AM com.spring.test.cei.smartalarm_serveur.smartalarm_serveur.src.ceiSmartalarm.Log info
INFO: Acess token got : 58453d6229977e1ea68b968f|3da6bc344b7d7c97686658e2acf08dfb
Aug 26, 2017 10:20:03 AM com.spring.test.cei.smartalarm_serveur.smartalarm_serveur.src.ceiSmartalarm.Log info
INFO: Drop odd webhook succeeded.
Aug 26, 2017 10:20:04 AM com.spring.test.cei.smartalarm_serveur.smartalarm_serveur.src.ceiSmartalarm.Log info
INFO: Add new addhook succeeded: http://43.ip-51-255-41.eu:8081/api/netatmo
Aug 26, 2017 10:20:04 AM com.spring.test.cei.smartalarm_serveur.smartalarm_serveur.src.ceiSmartalarm.Log info
INFO: Server started, listening on port : 8081
Aug 26, 2017 10:31:56 AM com.spring.test.cei.smartalarm_serveur.smartalarm_serveur.src.ceiSmartalarm.Log info
INFO: Acess token got : 58453d6229977e1ea68b968f|3da6bc344b7d7c97686658e2acf08dfb
Aug 26, 2017 10:31:56 AM com.spring.test.cei.smartalarm_serveur.smartalarm_serveur.src.ceiSmartalarm.Log info
INFO: Drop odd webhook succeeded.
Aug 26, 2017 10:31:56 AM com.spring.test.cei.smartalarm_serveur.smartalarm_serveur.src.ceiSmartalarm.Log info
INFO: Add new addhook succeeded: http://43.ip-51-255-41.eu:8081/api/netatmo
Aug 26, 2017 10:31:56 AM com.spring.test.cei.smartalarm_serveur.smartalarm_serveur.src.ceiSmartalarm.Log info
INFO: Server started, listening on port : 8081
Aug 26, 2017 2:03:54 PM com.spring.test.cei.smartalarm_serveur.smartalarm_serveur.src.ceiSmartalarm.Log info
INFO: Acess token got : 58453d6229977e1ea68b968f|1840322559571b1492aa15913cf99110
Aug 26, 2017 2:03:54 PM com.spring.test.cei.smartalarm_serveur.smartalarm_serveur.src.ceiSmartalarm.Log info
INFO: Drop odd webhook succeeded.
Aug 26, 2017 2:03:54 PM com.spring.test.cei.smartalarm_serveur.smartalarm_serveur.src.ceiSmartalarm.Log info
INFO: Add new addhook succeeded: http://43.ip-51-255-41.eu:8081/api/netatmo
Aug 26, 2017 2:03:54 PM com.spring.test.cei.smartalarm_serveur.smartalarm_serveur.src.ceiSmartalarm.Log info
INFO: Server started, listening on port : 8081
Aug 26, 2017 2:05:08 PM com.spring.test.cei.smartalarm_serveur.smartalarm_serveur.src.ceiSmartalarm.Log info
INFO: Acess token got : 58453d6229977e1ea68b968f|1840322559571b1492aa15913cf99110
Aug 26, 2017 2:05:08 PM com.spring.test.cei.smartalarm_serveur.smartalarm_serveur.src.ceiSmartalarm.Log info
INFO: Drop odd webhook succeeded.
Aug 26, 2017 2:05:08 PM com.spring.test.cei.smartalarm_serveur.smartalarm_serveur.src.ceiSmartalarm.Log info
INFO: Add new addhook succeeded: http://43.ip-51-255-41.eu:8081/api/netatmo
Aug 26, 2017 2:05:08 PM com.spring.test.cei.smartalarm_serveur.smartalarm_serveur.src.ceiSmartalarm.Log info
INFO: Server started, listening on port : 8081
Aug 26, 2017 4:32:26 PM com.spring.test.cei.smartalarm_serveur.smartalarm_serveur.src.ceiSmartalarm.Log info
INFO: Acess token got : 58453d6229977e1ea68b968f|1840322559571b1492aa15913cf99110
Aug 26, 2017 4:32:26 PM com.spring.test.cei.smartalarm_serveur.smartalarm_serveur.src.ceiSmartalarm.Log info
INFO: Drop odd webhook succeeded.
Aug 26, 2017 4:32:26 PM com.spring.test.cei.smartalarm_serveur.smartalarm_serveur.src.ceiSmartalarm.Log info
INFO: Add new addhook succeeded: http://43.ip-51-255-41.eu:8081/api/netatmo
Aug 26, 2017 4:32:26 PM com.spring.test.cei.smartalarm_serveur.smartalarm_serveur.src.ceiSmartalarm.Log info
INFO: Server started, listening on port : 8081
Aug 26, 2017 4:57:32 PM com.spring.test.cei.smartalarm_serveur.smartalarm_serveur.src.ceiSmartalarm.Log info
INFO: Acess token got : 58453d6229977e1ea68b968f|1840322559571b1492aa15913cf99110
Aug 26, 2017 4:57:33 PM com.spring.test.cei.smartalarm_serveur.smartalarm_serveur.src.ceiSmartalarm.Log info
INFO: Drop odd webhook succeeded.
Aug 26, 2017 4:57:34 PM com.spring.test.cei.smartalarm_serveur.smartalarm_serveur.src.ceiSmartalarm.Log info
INFO: Add new addhook succeeded: http://43.ip-51-255-41.eu:8081/api/netatmo
Aug 26, 2017 4:57:34 PM com.spring.test.cei.smartalarm_serveur.smartalarm_serveur.src.ceiSmartalarm.Log info
INFO: Server started, listening on port : 8081
Aug 26, 2017 5:12:52 PM com.spring.test.cei.smartalarm_serveur.smartalarm_serveur.src.ceiSmartalarm.Log info
INFO: Acess token got : 58453d6229977e1ea68b968f|1840322559571b1492aa15913cf99110
Aug 26, 2017 5:12:53 PM com.spring.test.cei.smartalarm_serveur.smartalarm_serveur.src.ceiSmartalarm.Log info
INFO: Drop odd webhook succeeded.
Aug 26, 2017 5:12:53 PM com.spring.test.cei.smartalarm_serveur.smartalarm_serveur.src.ceiSmartalarm.Log info
INFO: Add new addhook succeeded: http://43.ip-51-255-41.eu:8081/api/netatmo
Aug 26, 2017 5:12:53 PM com.spring.test.cei.smartalarm_serveur.smartalarm_serveur.src.ceiSmartalarm.Log info
INFO: Server started, listening on port : 8081
Aug 29, 2017 8:44:40 AM com.spring.test.cei.smartalarm_serveur.smartalarm_serveur.src.ceiSmartalarm.Log info
INFO: Acess token got : 58453d6229977e1ea68b968f|bb86e1edc05a3dfdb1142bf58033ee25
Aug 29, 2017 8:44:41 AM com.spring.test.cei.smartalarm_serveur.smartalarm_serveur.src.ceiSmartalarm.Log info
INFO: Drop odd webhook succeeded.
Aug 29, 2017 8:44:41 AM com.spring.test.cei.smartalarm_serveur.smartalarm_serveur.src.ceiSmartalarm.Log info
INFO: Add new addhook succeeded: http://43.ip-51-255-41.eu:8081/api/netatmo
Aug 29, 2017 8:44:41 AM com.spring.test.cei.smartalarm_serveur.smartalarm_serveur.src.ceiSmartalarm.Log info
INFO: Server started, listening on port : 8081
Aug 29, 2017 8:57:09 AM com.spring.test.cei.smartalarm_serveur.smartalarm_serveur.src.ceiSmartalarm.Log info
INFO: Acess token got : 58453d6229977e1ea68b968f|bb86e1edc05a3dfdb1142bf58033ee25
Aug 29, 2017 8:57:09 AM com.spring.test.cei.smartalarm_serveur.smartalarm_serveur.src.ceiSmartalarm.Log info
INFO: Drop odd webhook succeeded.
Aug 29, 2017 8:57:10 AM com.spring.test.cei.smartalarm_serveur.smartalarm_serveur.src.ceiSmartalarm.Log info
INFO: Add new addhook succeeded: http://43.ip-51-255-41.eu:8081/api/netatmo
Aug 29, 2017 8:57:10 AM com.spring.test.cei.smartalarm_serveur.smartalarm_serveur.src.ceiSmartalarm.Log info
INFO: Server started, listening on port : 8081
Sep 09, 2017 8:03:49 PM com.spring.test.cei.smartalarm_serveur.smartalarm_serveur.src.ceiSmartalarm.Log info
INFO: Acess token got : 58453d6229977e1ea68b968f|a205527bef094c7fa4fa8ca278870b23
Sep 09, 2017 8:03:50 PM com.spring.test.cei.smartalarm_serveur.smartalarm_serveur.src.ceiSmartalarm.Log info
INFO: Drop odd webhook succeeded.
Sep 09, 2017 8:03:50 PM com.spring.test.cei.smartalarm_serveur.smartalarm_serveur.src.ceiSmartalarm.Log info
INFO: Add new addhook succeeded: http://43.ip-51-255-41.eu:8081/api/netatmo
Sep 09, 2017 8:03:50 PM com.spring.test.cei.smartalarm_serveur.smartalarm_serveur.src.ceiSmartalarm.Log info
INFO: Server started, listening on port : 8081
Sep 11, 2017 9:01:32 AM com.spring.test.cei.smartalarm_serveur.smartalarm_serveur.src.ceiSmartalarm.Log info
INFO: Acess token got : 58453d6229977e1ea68b968f|cc5f94459f075dce110d128c6d3dee73
Sep 11, 2017 9:01:33 AM com.spring.test.cei.smartalarm_serveur.smartalarm_serveur.src.ceiSmartalarm.Log info
INFO: Drop odd webhook succeeded.
Sep 11, 2017 9:01:34 AM com.spring.test.cei.smartalarm_serveur.smartalarm_serveur.src.ceiSmartalarm.Log info
INFO: Add new addhook succeeded: http://43.ip-51-255-41.eu:8081/api/netatmo
Sep 11, 2017 9:01:34 AM com.spring.test.cei.smartalarm_serveur.smartalarm_serveur.src.ceiSmartalarm.Log info
INFO: Server started, listening on port : 8081
Sep 12, 2017 4:30:16 PM com.spring.test.cei.smartalarm_serveur.smartalarm_serveur.src.ceiSmartalarm.Log info
INFO: Acess token got : 58453d6229977e1ea68b968f|46dfe82e5add3f00f7b96b653e9d9945
Sep 12, 2017 4:30:16 PM com.spring.test.cei.smartalarm_serveur.smartalarm_serveur.src.ceiSmartalarm.Log info
INFO: Drop odd webhook succeeded.
Sep 12, 2017 4:30:16 PM com.spring.test.cei.smartalarm_serveur.smartalarm_serveur.src.ceiSmartalarm.Log info
INFO: Add new addhook succeeded: http://43.ip-51-255-41.eu:8081/api/netatmo
Sep 12, 2017 4:30:16 PM com.spring.test.cei.smartalarm_serveur.smartalarm_serveur.src.ceiSmartalarm.Log info
INFO: Server started, listening on port : 8081
Sep 12, 2017 5:04:46 PM com.spring.test.cei.smartalarm_serveur.smartalarm_serveur.src.ceiSmartalarm.Log info
INFO: Acess token got : 58453d6229977e1ea68b968f|46dfe82e5add3f00f7b96b653e9d9945
Sep 12, 2017 5:04:47 PM com.spring.test.cei.smartalarm_serveur.smartalarm_serveur.src.ceiSmartalarm.Log info
INFO: Drop odd webhook succeeded.
Sep 12, 2017 5:04:47 PM com.spring.test.cei.smartalarm_serveur.smartalarm_serveur.src.ceiSmartalarm.Log info
INFO: Add new addhook succeeded: http://43.ip-51-255-41.eu:8081/api/netatmo
Sep 12, 2017 5:04:47 PM com.spring.test.cei.smartalarm_serveur.smartalarm_serveur.src.ceiSmartalarm.Log info
INFO: Server started, listening on port : 8081
Sep 12, 2017 6:43:14 PM com.spring.test.cei.smartalarm_serveur.smartalarm_serveur.src.ceiSmartalarm.Log info
INFO: Acess token got : 58453d6229977e1ea68b968f|46dfe82e5add3f00f7b96b653e9d9945
Sep 12, 2017 6:43:15 PM com.spring.test.cei.smartalarm_serveur.smartalarm_serveur.src.ceiSmartalarm.Log info
INFO: Drop odd webhook succeeded.
Sep 12, 2017 6:43:15 PM com.spring.test.cei.smartalarm_serveur.smartalarm_serveur.src.ceiSmartalarm.Log info
INFO: Add new addhook succeeded: http://43.ip-51-255-41.eu:8081/api/netatmo
Sep 12, 2017 6:43:15 PM com.spring.test.cei.smartalarm_serveur.smartalarm_serveur.src.ceiSmartalarm.Log info
INFO: Server started, listening on port : 8081
Sep 12, 2017 10:14:57 PM com.spring.test.cei.smartalarm_serveur.smartalarm_serveur.src.ceiSmartalarm.Log info
INFO: Acess token got : 58453d6229977e1ea68b968f|0a9b798739e4c5d34f315bde07f2caa0
Sep 12, 2017 10:14:58 PM com.spring.test.cei.smartalarm_serveur.smartalarm_serveur.src.ceiSmartalarm.Log info
INFO: Drop odd webhook succeeded.
Sep 12, 2017 10:14:59 PM com.spring.test.cei.smartalarm_serveur.smartalarm_serveur.src.ceiSmartalarm.Log info
INFO: Add new addhook succeeded: http://43.ip-51-255-41.eu:8081/api/netatmo
Sep 12, 2017 10:14:59 PM com.spring.test.cei.smartalarm_serveur.smartalarm_serveur.src.ceiSmartalarm.Log info
INFO: Server started, listening on port : 8081
Sep 13, 2017 1:25:16 AM com.spring.test.cei.smartalarm_serveur.smartalarm_serveur.src.ceiSmartalarm.Log info
INFO: Acess token got : 58453d6229977e1ea68b968f|876da60da57bfc093ac985d20b8fd0d9
Sep 13, 2017 1:25:17 AM com.spring.test.cei.smartalarm_serveur.smartalarm_serveur.src.ceiSmartalarm.Log info
INFO: Drop odd webhook succeeded.
Sep 13, 2017 1:25:17 AM com.spring.test.cei.smartalarm_serveur.smartalarm_serveur.src.ceiSmartalarm.Log info
INFO: Add new addhook succeeded: http://43.ip-51-255-41.eu:8081/api/netatmo
Sep 13, 2017 1:25:17 AM com.spring.test.cei.smartalarm_serveur.smartalarm_serveur.src.ceiSmartalarm.Log info
INFO: Server started, listening on port : 8081
Sep 13, 2017 2:17:26 AM com.spring.test.cei.smartalarm_serveur.smartalarm_serveur.src.ceiSmartalarm.Log info
INFO: Acess token got : 58453d6229977e1ea68b968f|876da60da57bfc093ac985d20b8fd0d9
Sep 13, 2017 2:17:27 AM com.spring.test.cei.smartalarm_serveur.smartalarm_serveur.src.ceiSmartalarm.Log info
INFO: Drop odd webhook succeeded.
Sep 13, 2017 2:17:27 AM com.spring.test.cei.smartalarm_serveur.smartalarm_serveur.src.ceiSmartalarm.Log info
INFO: Add new addhook succeeded: http://43.ip-51-255-41.eu:8081/api/netatmo
Sep 13, 2017 2:17:27 AM com.spring.test.cei.smartalarm_serveur.smartalarm_serveur.src.ceiSmartalarm.Log info
INFO: Server started, listening on port : 8081
Sep 13, 2017 3:44:37 AM com.spring.test.cei.smartalarm_serveur.smartalarm_serveur.src.ceiSmartalarm.Log info
INFO: Acess token got : 58453d6229977e1ea68b968f|876da60da57bfc093ac985d20b8fd0d9
Sep 13, 2017 3:44:37 AM com.spring.test.cei.smartalarm_serveur.smartalarm_serveur.src.ceiSmartalarm.Log info
INFO: Drop odd webhook succeeded.
Sep 13, 2017 3:44:37 AM com.spring.test.cei.smartalarm_serveur.smartalarm_serveur.src.ceiSmartalarm.Log info
INFO: Add new addhook succeeded: http://43.ip-51-255-41.eu:8081/api/netatmo
Sep 13, 2017 3:44:37 AM com.spring.test.cei.smartalarm_serveur.smartalarm_serveur.src.ceiSmartalarm.Log info
INFO: Server started, listening on port : 8081
Sep 13, 2017 3:51:00 AM com.spring.test.cei.smartalarm_serveur.smartalarm_serveur.src.ceiSmartalarm.Log info
INFO: Acess token got : 58453d6229977e1ea68b968f|876da60da57bfc093ac985d20b8fd0d9
Sep 13, 2017 3:51:00 AM com.spring.test.cei.smartalarm_serveur.smartalarm_serveur.src.ceiSmartalarm.Log info
INFO: Drop odd webhook succeeded.
Sep 13, 2017 3:51:01 AM com.spring.test.cei.smartalarm_serveur.smartalarm_serveur.src.ceiSmartalarm.Log info
INFO: Add new addhook succeeded: http://43.ip-51-255-41.eu:8081/api/netatmo
Sep 13, 2017 3:51:01 AM com.spring.test.cei.smartalarm_serveur.smartalarm_serveur.src.ceiSmartalarm.Log info
INFO: Server started, listening on port : 8081
Sep 13, 2017 3:57:21 AM com.spring.test.cei.smartalarm_serveur.smartalarm_serveur.src.ceiSmartalarm.Log info
INFO: Acess token got : 58453d6229977e1ea68b968f|876da60da57bfc093ac985d20b8fd0d9
Sep 13, 2017 3:57:21 AM com.spring.test.cei.smartalarm_serveur.smartalarm_serveur.src.ceiSmartalarm.Log info
INFO: Drop odd webhook succeeded.
Sep 13, 2017 3:57:22 AM com.spring.test.cei.smartalarm_serveur.smartalarm_serveur.src.ceiSmartalarm.Log info
INFO: Add new addhook succeeded: http://43.ip-51-255-41.eu:8081/api/netatmo
Sep 13, 2017 3:57:22 AM com.spring.test.cei.smartalarm_serveur.smartalarm_serveur.src.ceiSmartalarm.Log info
INFO: Server started, listening on port : 8081
Sep 13, 2017 4:05:12 AM com.spring.test.cei.smartalarm_serveur.smartalarm_serveur.src.ceiSmartalarm.Log info
INFO: Acess token got : 58453d6229977e1ea68b968f|876da60da57bfc093ac985d20b8fd0d9
Sep 13, 2017 4:05:13 AM com.spring.test.cei.smartalarm_serveur.smartalarm_serveur.src.ceiSmartalarm.Log info
INFO: Drop odd webhook succeeded.
Sep 13, 2017 4:05:13 AM com.spring.test.cei.smartalarm_serveur.smartalarm_serveur.src.ceiSmartalarm.Log info
INFO: Add new addhook succeeded: http://43.ip-51-255-41.eu:8081/api/netatmo
Sep 13, 2017 4:05:13 AM com.spring.test.cei.smartalarm_serveur.smartalarm_serveur.src.ceiSmartalarm.Log info
INFO: Server started, listening on port : 8081
Sep 13, 2017 4:11:14 AM com.spring.test.cei.smartalarm_serveur.smartalarm_serveur.src.ceiSmartalarm.Log info
INFO: Acess token got : 58453d6229977e1ea68b968f|876da60da57bfc093ac985d20b8fd0d9
Sep 13, 2017 4:11:14 AM com.spring.test.cei.smartalarm_serveur.smartalarm_serveur.src.ceiSmartalarm.Log info
INFO: Drop odd webhook succeeded.
Sep 13, 2017 4:11:14 AM com.spring.test.cei.smartalarm_serveur.smartalarm_serveur.src.ceiSmartalarm.Log info
INFO: Add new addhook succeeded: http://43.ip-51-255-41.eu:8081/api/netatmo
Sep 13, 2017 4:11:14 AM com.spring.test.cei.smartalarm_serveur.smartalarm_serveur.src.ceiSmartalarm.Log info
INFO: Server started, listening on port : 8081
Sep 13, 2017 4:51:25 AM com.spring.test.cei.smartalarm_serveur.smartalarm_serveur.src.ceiSmartalarm.Log info
INFO: Acess token got : 58453d6229977e1ea68b968f|876da60da57bfc093ac985d20b8fd0d9
Sep 13, 2017 4:51:25 AM com.spring.test.cei.smartalarm_serveur.smartalarm_serveur.src.ceiSmartalarm.Log info
INFO: Drop odd webhook succeeded.
Sep 13, 2017 4:51:25 AM com.spring.test.cei.smartalarm_serveur.smartalarm_serveur.src.ceiSmartalarm.Log info
INFO: Add new addhook succeeded: http://43.ip-51-255-41.eu:8081/api/netatmo
Sep 13, 2017 4:51:25 AM com.spring.test.cei.smartalarm_serveur.smartalarm_serveur.src.ceiSmartalarm.Log info
INFO: Server started, listening on port : 8081
Sep 13, 2017 4:57:52 AM com.spring.test.cei.smartalarm_serveur.smartalarm_serveur.src.ceiSmartalarm.Log info
INFO: Acess token got : 58453d6229977e1ea68b968f|876da60da57bfc093ac985d20b8fd0d9
Sep 13, 2017 4:57:53 AM com.spring.test.cei.smartalarm_serveur.smartalarm_serveur.src.ceiSmartalarm.Log info
INFO: Drop odd webhook succeeded.
Sep 13, 2017 4:57:53 AM com.spring.test.cei.smartalarm_serveur.smartalarm_serveur.src.ceiSmartalarm.Log info
INFO: Add new addhook succeeded: http://43.ip-51-255-41.eu:8081/api/netatmo
Sep 13, 2017 4:57:53 AM com.spring.test.cei.smartalarm_serveur.smartalarm_serveur.src.ceiSmartalarm.Log info
INFO: Server started, listening on port : 8081
Sep 13, 2017 5:07:23 AM com.spring.test.cei.smartalarm_serveur.smartalarm_serveur.src.ceiSmartalarm.Log info
INFO: Acess token got : 58453d6229977e1ea68b968f|876da60da57bfc093ac985d20b8fd0d9
Sep 13, 2017 5:07:24 AM com.spring.test.cei.smartalarm_serveur.smartalarm_serveur.src.ceiSmartalarm.Log info
INFO: Drop odd webhook succeeded.
Sep 13, 2017 5:07:24 AM com.spring.test.cei.smartalarm_serveur.smartalarm_serveur.src.ceiSmartalarm.Log info
INFO: Add new addhook succeeded: http://43.ip-51-255-41.eu:8081/api/netatmo
Sep 13, 2017 5:07:24 AM com.spring.test.cei.smartalarm_serveur.smartalarm_serveur.src.ceiSmartalarm.Log info
INFO: Server started, listening on port : 8081
Sep 13, 2017 11:28:39 AM com.spring.test.cei.smartalarm_serveur.smartalarm_serveur.src.ceiSmartalarm.Log info
INFO: Acess token got : 58453d6229977e1ea68b968f|e40ca25ada96bb75526268730be56c2d
Sep 13, 2017 11:28:40 AM com.spring.test.cei.smartalarm_serveur.smartalarm_serveur.src.ceiSmartalarm.Log info
INFO: Drop odd webhook succeeded.
Sep 13, 2017 11:28:40 AM com.spring.test.cei.smartalarm_serveur.smartalarm_serveur.src.ceiSmartalarm.Log info
INFO: Add new addhook succeeded: http://43.ip-51-255-41.eu:8081/api/netatmo
Sep 13, 2017 11:28:40 AM com.spring.test.cei.smartalarm_serveur.smartalarm_serveur.src.ceiSmartalarm.Log info
INFO: Server started, listening on port : 8081
Sep 13, 2017 11:56:56 AM com.spring.test.cei.smartalarm_serveur.smartalarm_serveur.src.ceiSmartalarm.Log info
INFO: Acess token got : 58453d6229977e1ea68b968f|e40ca25ada96bb75526268730be56c2d
Sep 13, 2017 11:56:56 AM com.spring.test.cei.smartalarm_serveur.smartalarm_serveur.src.ceiSmartalarm.Log info
INFO: Drop odd webhook succeeded.
Sep 13, 2017 11:56:57 AM com.spring.test.cei.smartalarm_serveur.smartalarm_serveur.src.ceiSmartalarm.Log info
INFO: Add new addhook succeeded: http://43.ip-51-255-41.eu:8081/api/netatmo
Sep 13, 2017 11:56:57 AM com.spring.test.cei.smartalarm_serveur.smartalarm_serveur.src.ceiSmartalarm.Log info
INFO: Server started, listening on port : 8081
Sep 13, 2017 12:30:35 PM com.spring.test.cei.smartalarm_serveur.smartalarm_serveur.src.ceiSmartalarm.Log info
INFO: Acess token got : 58453d6229977e1ea68b968f|e40ca25ada96bb75526268730be56c2d
Sep 13, 2017 12:30:36 PM com.spring.test.cei.smartalarm_serveur.smartalarm_serveur.src.ceiSmartalarm.Log info
INFO: Drop odd webhook succeeded.
Sep 13, 2017 12:30:36 PM com.spring.test.cei.smartalarm_serveur.smartalarm_serveur.src.ceiSmartalarm.Log info
INFO: Add new addhook succeeded: http://43.ip-51-255-41.eu:8081/api/netatmo
Sep 13, 2017 12:30:36 PM com.spring.test.cei.smartalarm_serveur.smartalarm_serveur.src.ceiSmartalarm.Log info
INFO: Server started, listening on port : 8081
Sep 13, 2017 12:38:40 PM com.spring.test.cei.smartalarm_serveur.smartalarm_serveur.src.ceiSmartalarm.Log info
INFO: Acess token got : 58453d6229977e1ea68b968f|e40ca25ada96bb75526268730be56c2d
Sep 13, 2017 12:38:40 PM com.spring.test.cei.smartalarm_serveur.smartalarm_serveur.src.ceiSmartalarm.Log info
INFO: Drop odd webhook succeeded.
Sep 13, 2017 12:38:41 PM com.spring.test.cei.smartalarm_serveur.smartalarm_serveur.src.ceiSmartalarm.Log info
INFO: Add new addhook succeeded: http://43.ip-51-255-41.eu:8081/api/netatmo
Sep 13, 2017 12:38:41 PM com.spring.test.cei.smartalarm_serveur.smartalarm_serveur.src.ceiSmartalarm.Log info
INFO: Server started, listening on port : 8081
Sep 13, 2017 12:41:37 PM com.spring.test.cei.smartalarm_serveur.smartalarm_serveur.src.ceiSmartalarm.Log info
INFO: Acess token got : 58453d6229977e1ea68b968f|e40ca25ada96bb75526268730be56c2d
Sep 13, 2017 12:41:38 PM com.spring.test.cei.smartalarm_serveur.smartalarm_serveur.src.ceiSmartalarm.Log info
INFO: Drop odd webhook succeeded.
Sep 13, 2017 12:41:39 PM com.spring.test.cei.smartalarm_serveur.smartalarm_serveur.src.ceiSmartalarm.Log info
INFO: Add new addhook succeeded: http://43.ip-51-255-41.eu:8081/api/netatmo
Sep 13, 2017 12:41:39 PM com.spring.test.cei.smartalarm_serveur.smartalarm_serveur.src.ceiSmartalarm.Log info
INFO: Server started, listening on port : 8081
Sep 13, 2017 4:51:58 PM com.spring.test.cei.smartalarm_serveur.smartalarm_serveur.src.ceiSmartalarm.Log info
INFO: Acess token got : 58453d6229977e1ea68b968f|36d0d2958ec7d122b0eb42078d59a50f
Sep 13, 2017 4:51:58 PM com.spring.test.cei.smartalarm_serveur.smartalarm_serveur.src.ceiSmartalarm.Log info
INFO: Drop odd webhook succeeded.
Sep 13, 2017 4:51:59 PM com.spring.test.cei.smartalarm_serveur.smartalarm_serveur.src.ceiSmartalarm.Log info
INFO: Add new addhook succeeded: http://43.ip-51-255-41.eu:8081/api/netatmo
Sep 13, 2017 4:51:59 PM com.spring.test.cei.smartalarm_serveur.smartalarm_serveur.src.ceiSmartalarm.Log info
INFO: Server started, listening on port : 8081
Sep 13, 2017 5:02:12 PM com.spring.test.cei.smartalarm_serveur.smartalarm_serveur.src.ceiSmartalarm.Log info
INFO: Acess token got : 58453d6229977e1ea68b968f|36d0d2958ec7d122b0eb42078d59a50f
Sep 13, 2017 5:02:13 PM com.spring.test.cei.smartalarm_serveur.smartalarm_serveur.src.ceiSmartalarm.Log info
INFO: Drop odd webhook succeeded.
Sep 13, 2017 5:02:13 PM com.spring.test.cei.smartalarm_serveur.smartalarm_serveur.src.ceiSmartalarm.Log info
INFO: Add new addhook succeeded: http://43.ip-51-255-41.eu:8081/api/netatmo
Sep 13, 2017 5:02:13 PM com.spring.test.cei.smartalarm_serveur.smartalarm_serveur.src.ceiSmartalarm.Log info
INFO: Server started, listening on port : 8081
Sep 13, 2017 5:25:29 PM com.spring.test.cei.smartalarm_serveur.smartalarm_serveur.src.ceiSmartalarm.Log info
INFO: Acess token got : 58453d6229977e1ea68b968f|36d0d2958ec7d122b0eb42078d59a50f
Sep 13, 2017 5:25:29 PM com.spring.test.cei.smartalarm_serveur.smartalarm_serveur.src.ceiSmartalarm.Log info
INFO: Drop odd webhook succeeded.
Sep 13, 2017 5:25:30 PM com.spring.test.cei.smartalarm_serveur.smartalarm_serveur.src.ceiSmartalarm.Log info
INFO: Add new addhook succeeded: http://43.ip-51-255-41.eu:8081/api/netatmo
Sep 13, 2017 5:25:30 PM com.spring.test.cei.smartalarm_serveur.smartalarm_serveur.src.ceiSmartalarm.Log info
INFO: Server started, listening on port : 8081
Sep 13, 2017 5:36:06 PM com.spring.test.cei.smartalarm_serveur.smartalarm_serveur.src.ceiSmartalarm.Log info
INFO: Acess token got : 58453d6229977e1ea68b968f|36d0d2958ec7d122b0eb42078d59a50f
Sep 13, 2017 5:36:07 PM com.spring.test.cei.smartalarm_serveur.smartalarm_serveur.src.ceiSmartalarm.Log info
INFO: Drop odd webhook succeeded.
Sep 13, 2017 5:36:07 PM com.spring.test.cei.smartalarm_serveur.smartalarm_serveur.src.ceiSmartalarm.Log info
INFO: Add new addhook succeeded: http://43.ip-51-255-41.eu:8081/api/netatmo
Sep 13, 2017 5:36:07 PM com.spring.test.cei.smartalarm_serveur.smartalarm_serveur.src.ceiSmartalarm.Log info
INFO: Server started, listening on port : 8081
Sep 13, 2017 5:48:57 PM com.spring.test.cei.smartalarm_serveur.smartalarm_serveur.src.ceiSmartalarm.Log info
INFO: Acess token got : 58453d6229977e1ea68b968f|36d0d2958ec7d122b0eb42078d59a50f
Sep 13, 2017 5:48:57 PM com.spring.test.cei.smartalarm_serveur.smartalarm_serveur.src.ceiSmartalarm.Log info
INFO: Drop odd webhook succeeded.
Sep 13, 2017 5:48:58 PM com.spring.test.cei.smartalarm_serveur.smartalarm_serveur.src.ceiSmartalarm.Log info
INFO: Add new addhook succeeded: http://43.ip-51-255-41.eu:8081/api/netatmo
Sep 13, 2017 5:48:58 PM com.spring.test.cei.smartalarm_serveur.smartalarm_serveur.src.ceiSmartalarm.Log info
INFO: Server started, listening on port : 8081
Sep 14, 2017 2:57:20 AM com.spring.test.cei.smartalarm_serveur.smartalarm_serveur.src.ceiSmartalarm.Log info
INFO: Acess token got : 58453d6229977e1ea68b968f|27415feb3cf7ae9082d9f45c8af363a6
Sep 14, 2017 2:57:21 AM com.spring.test.cei.smartalarm_serveur.smartalarm_serveur.src.ceiSmartalarm.Log info
INFO: Drop odd webhook succeeded.
Sep 14, 2017 2:57:21 AM com.spring.test.cei.smartalarm_serveur.smartalarm_serveur.src.ceiSmartalarm.Log info
INFO: Add new addhook succeeded: http://43.ip-51-255-41.eu:8081/api/netatmo
Sep 14, 2017 2:57:21 AM com.spring.test.cei.smartalarm_serveur.smartalarm_serveur.src.ceiSmartalarm.Log info
INFO: Server started, listening on port : 8081
Sep 14, 2017 12:12:37 PM com.spring.test.cei.smartalarm_serveur.smartalarm_serveur.src.ceiSmartalarm.Log info
INFO: Acess token got : 58453d6229977e1ea68b968f|6be33029b18f11edcde9f37999435bac
Sep 14, 2017 12:12:38 PM com.spring.test.cei.smartalarm_serveur.smartalarm_serveur.src.ceiSmartalarm.Log info
INFO: Drop odd webhook succeeded.
Sep 14, 2017 12:12:38 PM com.spring.test.cei.smartalarm_serveur.smartalarm_serveur.src.ceiSmartalarm.Log info
INFO: Add new addhook succeeded: http://43.ip-51-255-41.eu:8081/api/netatmo
Sep 14, 2017 12:12:38 PM com.spring.test.cei.smartalarm_serveur.smartalarm_serveur.src.ceiSmartalarm.Log info
INFO: Server started, listening on port : 8081
Sep 14, 2017 12:33:55 PM com.spring.test.cei.smartalarm_serveur.smartalarm_serveur.src.ceiSmartalarm.Log info
INFO: Acess token got : 58453d6229977e1ea68b968f|6be33029b18f11edcde9f37999435bac
Sep 14, 2017 12:33:55 PM com.spring.test.cei.smartalarm_serveur.smartalarm_serveur.src.ceiSmartalarm.Log info
INFO: Drop odd webhook succeeded.
Sep 14, 2017 12:33:56 PM com.spring.test.cei.smartalarm_serveur.smartalarm_serveur.src.ceiSmartalarm.Log info
INFO: Add new addhook succeeded: http://43.ip-51-255-41.eu:8081/api/netatmo
Sep 14, 2017 12:33:56 PM com.spring.test.cei.smartalarm_serveur.smartalarm_serveur.src.ceiSmartalarm.Log info
INFO: Server started, listening on port : 8081
Sep 14, 2017 12:47:15 PM com.spring.test.cei.smartalarm_serveur.smartalarm_serveur.src.ceiSmartalarm.Log info
INFO: Acess token got : 58453d6229977e1ea68b968f|6be33029b18f11edcde9f37999435bac
Sep 14, 2017 12:47:16 PM com.spring.test.cei.smartalarm_serveur.smartalarm_serveur.src.ceiSmartalarm.Log info
INFO: Drop odd webhook succeeded.
Sep 14, 2017 12:47:16 PM com.spring.test.cei.smartalarm_serveur.smartalarm_serveur.src.ceiSmartalarm.Log info
INFO: Add new addhook succeeded: http://43.ip-51-255-41.eu:8081/api/netatmo
Sep 14, 2017 12:47:16 PM com.spring.test.cei.smartalarm_serveur.smartalarm_serveur.src.ceiSmartalarm.Log info
INFO: Server started, listening on port : 8081
Sep 14, 2017 1:03:01 PM com.spring.test.cei.smartalarm_serveur.smartalarm_serveur.src.ceiSmartalarm.Log info
INFO: Acess token got : 58453d6229977e1ea68b968f|6be33029b18f11edcde9f37999435bac
Sep 14, 2017 1:03:02 PM com.spring.test.cei.smartalarm_serveur.smartalarm_serveur.src.ceiSmartalarm.Log info
INFO: Drop odd webhook succeeded.
Sep 14, 2017 1:03:04 PM com.spring.test.cei.smartalarm_serveur.smartalarm_serveur.src.ceiSmartalarm.Log info
INFO: Add new addhook succeeded: http://43.ip-51-255-41.eu:8081/api/netatmo
Sep 14, 2017 1:03:04 PM com.spring.test.cei.smartalarm_serveur.smartalarm_serveur.src.ceiSmartalarm.Log info
INFO: Server started, listening on port : 8081
Sep 14, 2017 1:07:09 PM com.spring.test.cei.smartalarm_serveur.smartalarm_serveur.src.ceiSmartalarm.Log info
INFO: Acess token got : 58453d6229977e1ea68b968f|6be33029b18f11edcde9f37999435bac
Sep 14, 2017 1:07:10 PM com.spring.test.cei.smartalarm_serveur.smartalarm_serveur.src.ceiSmartalarm.Log info
INFO: Drop odd webhook succeeded.
Sep 14, 2017 1:07:11 PM com.spring.test.cei.smartalarm_serveur.smartalarm_serveur.src.ceiSmartalarm.Log info
INFO: Add new addhook succeeded: http://43.ip-51-255-41.eu:8081/api/netatmo
Sep 14, 2017 1:07:11 PM com.spring.test.cei.smartalarm_serveur.smartalarm_serveur.src.ceiSmartalarm.Log info
INFO: Server started, listening on port : 8081
Sep 14, 2017 1:09:49 PM com.spring.test.cei.smartalarm_serveur.smartalarm_serveur.src.ceiSmartalarm.Log info
INFO: Acess token got : 58453d6229977e1ea68b968f|6be33029b18f11edcde9f37999435bac
Sep 14, 2017 1:09:50 PM com.spring.test.cei.smartalarm_serveur.smartalarm_serveur.src.ceiSmartalarm.Log info
INFO: Drop odd webhook succeeded.
Sep 14, 2017 1:09:51 PM com.spring.test.cei.smartalarm_serveur.smartalarm_serveur.src.ceiSmartalarm.Log info
INFO: Add new addhook succeeded: http://43.ip-51-255-41.eu:8081/api/netatmo
Sep 14, 2017 1:09:51 PM com.spring.test.cei.smartalarm_serveur.smartalarm_serveur.src.ceiSmartalarm.Log info
INFO: Server started, listening on port : 8081
Sep 14, 2017 1:25:38 PM com.spring.test.cei.smartalarm_serveur.smartalarm_serveur.src.ceiSmartalarm.Log info
INFO: Acess token got : 58453d6229977e1ea68b968f|6be33029b18f11edcde9f37999435bac
Sep 14, 2017 1:25:39 PM com.spring.test.cei.smartalarm_serveur.smartalarm_serveur.src.ceiSmartalarm.Log info
INFO: Drop odd webhook succeeded.
Sep 14, 2017 1:25:40 PM com.spring.test.cei.smartalarm_serveur.smartalarm_serveur.src.ceiSmartalarm.Log info
INFO: Add new addhook succeeded: http://43.ip-51-255-41.eu:8081/api/netatmo
Sep 14, 2017 1:25:40 PM com.spring.test.cei.smartalarm_serveur.smartalarm_serveur.src.ceiSmartalarm.Log info
INFO: Server started, listening on port : 8081
Sep 14, 2017 1:34:17 PM com.spring.test.cei.smartalarm_serveur.smartalarm_serveur.src.ceiSmartalarm.Log info
INFO: Acess token got : 58453d6229977e1ea68b968f|6be33029b18f11edcde9f37999435bac
Sep 14, 2017 1:34:19 PM com.spring.test.cei.smartalarm_serveur.smartalarm_serveur.src.ceiSmartalarm.Log info
INFO: Drop odd webhook succeeded.
Sep 14, 2017 1:34:20 PM com.spring.test.cei.smartalarm_serveur.smartalarm_serveur.src.ceiSmartalarm.Log info
INFO: Add new addhook succeeded: http://43.ip-51-255-41.eu:8081/api/netatmo
Sep 14, 2017 1:34:20 PM com.spring.test.cei.smartalarm_serveur.smartalarm_serveur.src.ceiSmartalarm.Log info
INFO: Server started, listening on port : 8081
Sep 14, 2017 1:40:52 PM com.spring.test.cei.smartalarm_serveur.smartalarm_serveur.src.ceiSmartalarm.Log info
INFO: Acess token got : 58453d6229977e1ea68b968f|6be33029b18f11edcde9f37999435bac
Sep 14, 2017 1:40:53 PM com.spring.test.cei.smartalarm_serveur.smartalarm_serveur.src.ceiSmartalarm.Log info
INFO: Drop odd webhook succeeded.
Sep 14, 2017 1:40:54 PM com.spring.test.cei.smartalarm_serveur.smartalarm_serveur.src.ceiSmartalarm.Log info
INFO: Add new addhook succeeded: http://43.ip-51-255-41.eu:8081/api/netatmo
Sep 14, 2017 1:40:54 PM com.spring.test.cei.smartalarm_serveur.smartalarm_serveur.src.ceiSmartalarm.Log info
INFO: Server started, listening on port : 8081
Sep 14, 2017 2:50:15 PM com.spring.test.cei.smartalarm_serveur.smartalarm_serveur.src.ceiSmartalarm.Log info
INFO: Acess token got : 58453d6229977e1ea68b968f|6be33029b18f11edcde9f37999435bac
Sep 14, 2017 2:50:16 PM com.spring.test.cei.smartalarm_serveur.smartalarm_serveur.src.ceiSmartalarm.Log info
INFO: Drop odd webhook succeeded.
Sep 14, 2017 2:50:17 PM com.spring.test.cei.smartalarm_serveur.smartalarm_serveur.src.ceiSmartalarm.Log info
INFO: Add new addhook succeeded: http://43.ip-51-255-41.eu:8081/api/netatmo
Sep 14, 2017 2:50:17 PM com.spring.test.cei.smartalarm_serveur.smartalarm_serveur.src.ceiSmartalarm.Log info
INFO: Server started, listening on port : 8081
Sep 14, 2017 2:55:21 PM com.spring.test.cei.smartalarm_serveur.smartalarm_serveur.src.ceiSmartalarm.Log info
INFO: Acess token got : 58453d6229977e1ea68b968f|6be33029b18f11edcde9f37999435bac
Sep 14, 2017 2:55:23 PM com.spring.test.cei.smartalarm_serveur.smartalarm_serveur.src.ceiSmartalarm.Log info
INFO: Drop odd webhook succeeded.
Sep 14, 2017 2:55:24 PM com.spring.test.cei.smartalarm_serveur.smartalarm_serveur.src.ceiSmartalarm.Log info
INFO: Add new addhook succeeded: http://43.ip-51-255-41.eu:8081/api/netatmo
Sep 14, 2017 2:55:24 PM com.spring.test.cei.smartalarm_serveur.smartalarm_serveur.src.ceiSmartalarm.Log info
INFO: Server started, listening on port : 8081
Sep 14, 2017 3:09:44 PM com.spring.test.cei.smartalarm_serveur.smartalarm_serveur.src.ceiSmartalarm.Log info
INFO: Acess token got : 58453d6229977e1ea68b968f|6be33029b18f11edcde9f37999435bac
Sep 14, 2017 3:09:45 PM com.spring.test.cei.smartalarm_serveur.smartalarm_serveur.src.ceiSmartalarm.Log info
INFO: Drop odd webhook succeeded.
Sep 14, 2017 3:09:46 PM com.spring.test.cei.smartalarm_serveur.smartalarm_serveur.src.ceiSmartalarm.Log info
INFO: Add new addhook succeeded: http://43.ip-51-255-41.eu:8081/api/netatmo
Sep 14, 2017 3:09:46 PM com.spring.test.cei.smartalarm_serveur.smartalarm_serveur.src.ceiSmartalarm.Log info
INFO: Server started, listening on port : 8081
Sep 14, 2017 3:20:25 PM com.spring.test.cei.smartalarm_serveur.smartalarm_serveur.src.ceiSmartalarm.Log info
INFO: Acess token got : 58453d6229977e1ea68b968f|6be33029b18f11edcde9f37999435bac
Sep 14, 2017 3:20:26 PM com.spring.test.cei.smartalarm_serveur.smartalarm_serveur.src.ceiSmartalarm.Log info
INFO: Drop odd webhook succeeded.
Sep 14, 2017 3:20:26 PM com.spring.test.cei.smartalarm_serveur.smartalarm_serveur.src.ceiSmartalarm.Log info
INFO: Add new addhook succeeded: http://43.ip-51-255-41.eu:8081/api/netatmo
Sep 14, 2017 3:20:26 PM com.spring.test.cei.smartalarm_serveur.smartalarm_serveur.src.ceiSmartalarm.Log info
INFO: Server started, listening on port : 8081
Sep 14, 2017 3:29:26 PM com.spring.test.cei.smartalarm_serveur.smartalarm_serveur.src.ceiSmartalarm.Log info
INFO: Acess token got : 58453d6229977e1ea68b968f|6be33029b18f11edcde9f37999435bac
Sep 14, 2017 3:29:26 PM com.spring.test.cei.smartalarm_serveur.smartalarm_serveur.src.ceiSmartalarm.Log info
INFO: Drop odd webhook succeeded.
Sep 14, 2017 3:29:27 PM com.spring.test.cei.smartalarm_serveur.smartalarm_serveur.src.ceiSmartalarm.Log info
INFO: Add new addhook succeeded: http://43.ip-51-255-41.eu:8081/api/netatmo
Sep 14, 2017 3:29:27 PM com.spring.test.cei.smartalarm_serveur.smartalarm_serveur.src.ceiSmartalarm.Log info
INFO: Server started, listening on port : 8081
Sep 14, 2017 4:01:53 PM com.spring.test.cei.smartalarm_serveur.smartalarm_serveur.src.ceiSmartalarm.Log info
INFO: Acess token got : 58453d6229977e1ea68b968f|6be33029b18f11edcde9f37999435bac
Sep 14, 2017 4:01:53 PM com.spring.test.cei.smartalarm_serveur.smartalarm_serveur.src.ceiSmartalarm.Log info
INFO: Drop odd webhook succeeded.
Sep 14, 2017 4:01:54 PM com.spring.test.cei.smartalarm_serveur.smartalarm_serveur.src.ceiSmartalarm.Log info
INFO: Add new addhook succeeded: http://43.ip-51-255-41.eu:8081/api/netatmo
Sep 14, 2017 4:01:54 PM com.spring.test.cei.smartalarm_serveur.smartalarm_serveur.src.ceiSmartalarm.Log info
INFO: Server started, listening on port : 8081
Sep 14, 2017 4:04:59 PM com.spring.test.cei.smartalarm_serveur.smartalarm_serveur.src.ceiSmartalarm.Log info
INFO: Acess token got : 58453d6229977e1ea68b968f|6be33029b18f11edcde9f37999435bac
Sep 14, 2017 4:04:59 PM com.spring.test.cei.smartalarm_serveur.smartalarm_serveur.src.ceiSmartalarm.Log info
INFO: Drop odd webhook succeeded.
Sep 14, 2017 4:05:00 PM com.spring.test.cei.smartalarm_serveur.smartalarm_serveur.src.ceiSmartalarm.Log info
INFO: Add new addhook succeeded: http://43.ip-51-255-41.eu:8081/api/netatmo
Sep 14, 2017 4:05:00 PM com.spring.test.cei.smartalarm_serveur.smartalarm_serveur.src.ceiSmartalarm.Log info
INFO: Server started, listening on port : 8081
Sep 14, 2017 4:08:16 PM com.spring.test.cei.smartalarm_serveur.smartalarm_serveur.src.ceiSmartalarm.Log info
INFO: Acess token got : 58453d6229977e1ea68b968f|6be33029b18f11edcde9f37999435bac
Sep 14, 2017 4:08:17 PM com.spring.test.cei.smartalarm_serveur.smartalarm_serveur.src.ceiSmartalarm.Log info
INFO: Drop odd webhook succeeded.
Sep 14, 2017 4:08:17 PM com.spring.test.cei.smartalarm_serveur.smartalarm_serveur.src.ceiSmartalarm.Log info
INFO: Add new addhook succeeded: http://43.ip-51-255-41.eu:8081/api/netatmo
Sep 14, 2017 4:08:17 PM com.spring.test.cei.smartalarm_serveur.smartalarm_serveur.src.ceiSmartalarm.Log info
INFO: Server started, listening on port : 8081
Sep 14, 2017 4:20:22 PM com.spring.test.cei.smartalarm_serveur.smartalarm_serveur.src.ceiSmartalarm.Log info
INFO: Acess token got : 58453d6229977e1ea68b968f|6be33029b18f11edcde9f37999435bac
Sep 14, 2017 4:20:22 PM com.spring.test.cei.smartalarm_serveur.smartalarm_serveur.src.ceiSmartalarm.Log info
INFO: Drop odd webhook succeeded.
Sep 14, 2017 4:20:23 PM com.spring.test.cei.smartalarm_serveur.smartalarm_serveur.src.ceiSmartalarm.Log info
INFO: Add new addhook succeeded: http://43.ip-51-255-41.eu:8081/api/netatmo
Sep 14, 2017 4:20:23 PM com.spring.test.cei.smartalarm_serveur.smartalarm_serveur.src.ceiSmartalarm.Log info
INFO: Server started, listening on port : 8081
Sep 14, 2017 4:42:10 PM com.spring.test.cei.smartalarm_serveur.smartalarm_serveur.src.ceiSmartalarm.Log info
INFO: Acess token got : 58453d6229977e1ea68b968f|6be33029b18f11edcde9f37999435bac
Sep 14, 2017 4:42:11 PM com.spring.test.cei.smartalarm_serveur.smartalarm_serveur.src.ceiSmartalarm.Log info
INFO: Drop odd webhook succeeded.
Sep 14, 2017 4:42:11 PM com.spring.test.cei.smartalarm_serveur.smartalarm_serveur.src.ceiSmartalarm.Log info
INFO: Add new addhook succeeded: http://43.ip-51-255-41.eu:8081/api/netatmo
Sep 14, 2017 4:42:11 PM com.spring.test.cei.smartalarm_serveur.smartalarm_serveur.src.ceiSmartalarm.Log info
INFO: Server started, listening on port : 8081
Sep 14, 2017 5:15:35 PM com.spring.test.cei.smartalarm_serveur.smartalarm_serveur.src.ceiSmartalarm.Log info
INFO: Acess token got : 58453d6229977e1ea68b968f|6be33029b18f11edcde9f37999435bac
Sep 14, 2017 5:15:35 PM com.spring.test.cei.smartalarm_serveur.smartalarm_serveur.src.ceiSmartalarm.Log info
INFO: Drop odd webhook succeeded.
Sep 14, 2017 5:15:35 PM com.spring.test.cei.smartalarm_serveur.smartalarm_serveur.src.ceiSmartalarm.Log info
INFO: Add new addhook succeeded: http://43.ip-51-255-41.eu:8081/api/netatmo
Sep 14, 2017 5:15:35 PM com.spring.test.cei.smartalarm_serveur.smartalarm_serveur.src.ceiSmartalarm.Log info
INFO: Server started, listening on port : 8081
Sep 14, 2017 7:23:50 PM com.spring.test.cei.smartalarm_serveur.smartalarm_serveur.src.ceiSmartalarm.Log info
INFO: Acess token got : 58453d6229977e1ea68b968f|6be33029b18f11edcde9f37999435bac
Sep 14, 2017 7:23:50 PM com.spring.test.cei.smartalarm_serveur.smartalarm_serveur.src.ceiSmartalarm.Log info
INFO: Drop odd webhook succeeded.
Sep 14, 2017 7:23:51 PM com.spring.test.cei.smartalarm_serveur.smartalarm_serveur.src.ceiSmartalarm.Log info
INFO: Add new addhook succeeded: http://43.ip-51-255-41.eu:8081/api/netatmo
Sep 14, 2017 7:23:51 PM com.spring.test.cei.smartalarm_serveur.smartalarm_serveur.src.ceiSmartalarm.Log info
INFO: Server started, listening on port : 8081
Sep 14, 2017 7:42:46 PM com.spring.test.cei.smartalarm_serveur.smartalarm_serveur.src.ceiSmartalarm.Log info
INFO: Acess token got : 58453d6229977e1ea68b968f|6be33029b18f11edcde9f37999435bac
Sep 14, 2017 7:42:46 PM com.spring.test.cei.smartalarm_serveur.smartalarm_serveur.src.ceiSmartalarm.Log info
INFO: Drop odd webhook succeeded.
Sep 14, 2017 7:42:47 PM com.spring.test.cei.smartalarm_serveur.smartalarm_serveur.src.ceiSmartalarm.Log info
INFO: Add new addhook succeeded: http://43.ip-51-255-41.eu:8081/api/netatmo
Sep 14, 2017 7:42:47 PM com.spring.test.cei.smartalarm_serveur.smartalarm_serveur.src.ceiSmartalarm.Log info
INFO: Server started, listening on port : 8081
Sep 14, 2017 9:19:10 PM com.spring.test.cei.smartalarm_serveur.smartalarm_serveur.src.ceiSmartalarm.Log info
INFO: Acess token got : 58453d6229977e1ea68b968f|6be33029b18f11edcde9f37999435bac
Sep 14, 2017 9:19:11 PM com.spring.test.cei.smartalarm_serveur.smartalarm_serveur.src.ceiSmartalarm.Log info
INFO: Drop odd webhook succeeded.
Sep 14, 2017 9:19:12 PM com.spring.test.cei.smartalarm_serveur.smartalarm_serveur.src.ceiSmartalarm.Log info
INFO: Add new addhook succeeded: http://43.ip-51-255-41.eu:8081/api/netatmo
Sep 14, 2017 9:19:12 PM com.spring.test.cei.smartalarm_serveur.smartalarm_serveur.src.ceiSmartalarm.Log info
INFO: Server started, listening on port : 8081
Sep 14, 2017 10:30:24 PM com.spring.test.cei.smartalarm_serveur.smartalarm_serveur.src.ceiSmartalarm.Log info
INFO: Acess token got : 58453d6229977e1ea68b968f|6be33029b18f11edcde9f37999435bac
Sep 14, 2017 10:30:25 PM com.spring.test.cei.smartalarm_serveur.smartalarm_serveur.src.ceiSmartalarm.Log info
INFO: Drop odd webhook succeeded.
Sep 14, 2017 10:30:25 PM com.spring.test.cei.smartalarm_serveur.smartalarm_serveur.src.ceiSmartalarm.Log info
INFO: Add new addhook succeeded: http://43.ip-51-255-41.eu:8081/api/netatmo
Sep 14, 2017 10:30:25 PM com.spring.test.cei.smartalarm_serveur.smartalarm_serveur.src.ceiSmartalarm.Log info
INFO: Server started, listening on port : 8081
Sep 14, 2017 11:05:22 PM com.spring.test.cei.smartalarm_serveur.smartalarm_serveur.src.ceiSmartalarm.Log info
INFO: Acess token got : 58453d6229977e1ea68b968f|6be33029b18f11edcde9f37999435bac
Sep 14, 2017 11:05:23 PM com.spring.test.cei.smartalarm_serveur.smartalarm_serveur.src.ceiSmartalarm.Log info
INFO: Drop odd webhook succeeded.
Sep 14, 2017 11:05:23 PM com.spring.test.cei.smartalarm_serveur.smartalarm_serveur.src.ceiSmartalarm.Log info
INFO: Add new addhook succeeded: http://43.ip-51-255-41.eu:8081/api/netatmo
Sep 14, 2017 11:05:23 PM com.spring.test.cei.smartalarm_serveur.smartalarm_serveur.src.ceiSmartalarm.Log info
INFO: Server started, listening on port : 8081
Sep 15, 2017 1:44:07 AM com.spring.test.cei.smartalarm_serveur.smartalarm_serveur.src.ceiSmartalarm.Log info
INFO: Acess token got : 58453d6229977e1ea68b968f|6be33029b18f11edcde9f37999435bac
Sep 15, 2017 1:44:08 AM com.spring.test.cei.smartalarm_serveur.smartalarm_serveur.src.ceiSmartalarm.Log err
WARNING: Drop webhook failed : Response{protocol=http/1.1, code=502, message=Bad Gateway, url=https://api.netatmo.com/api/dropwebhook}
Sep 15, 2017 1:44:08 AM com.spring.test.cei.smartalarm_serveur.smartalarm_serveur.src.ceiSmartalarm.Log info
INFO: Add new addhook succeeded: http://43.ip-51-255-41.eu:8081/api/netatmo
Sep 15, 2017 1:44:08 AM com.spring.test.cei.smartalarm_serveur.smartalarm_serveur.src.ceiSmartalarm.Log info
INFO: Server started, listening on port : 8081
Sep 15, 2017 2:24:31 AM com.spring.test.cei.smartalarm_serveur.smartalarm_serveur.src.ceiSmartalarm.Log info
INFO: Acess token got : 58453d6229977e1ea68b968f|6be33029b18f11edcde9f37999435bac
Sep 15, 2017 2:24:31 AM com.spring.test.cei.smartalarm_serveur.smartalarm_serveur.src.ceiSmartalarm.Log err
WARNING: Drop webhook failed : Response{protocol=http/1.1, code=502, message=Bad Gateway, url=https://api.netatmo.com/api/dropwebhook}
Sep 15, 2017 2:24:32 AM com.spring.test.cei.smartalarm_serveur.smartalarm_serveur.src.ceiSmartalarm.Log info
INFO: Add new addhook succeeded: http://43.ip-51-255-41.eu:8081/api/netatmo
Sep 15, 2017 2:24:32 AM com.spring.test.cei.smartalarm_serveur.smartalarm_serveur.src.ceiSmartalarm.Log info
INFO: Server started, listening on port : 8081
Sep 15, 2017 8:58:19 AM com.spring.test.cei.smartalarm_serveur.smartalarm_serveur.src.ceiSmartalarm.Log info
INFO: Acess token got : 58453d6229977e1ea68b968f|fcdbeeca35b7952f2c81a719d61f92ee
Sep 15, 2017 8:58:19 AM com.spring.test.cei.smartalarm_serveur.smartalarm_serveur.src.ceiSmartalarm.Log info
INFO: Drop odd webhook succeeded.
Sep 15, 2017 8:58:20 AM com.spring.test.cei.smartalarm_serveur.smartalarm_serveur.src.ceiSmartalarm.Log info
INFO: Add new addhook succeeded: http://43.ip-51-255-41.eu:8081/api/netatmo
Sep 15, 2017 8:58:20 AM com.spring.test.cei.smartalarm_serveur.smartalarm_serveur.src.ceiSmartalarm.Log info
INFO: Server started, listening on port : 8081
Sep 15, 2017 9:36:14 AM com.spring.test.cei.smartalarm_serveur.smartalarm_serveur.src.ceiSmartalarm.Log info
INFO: Acess token got : 58453d6229977e1ea68b968f|fcdbeeca35b7952f2c81a719d61f92ee
Sep 15, 2017 9:36:14 AM com.spring.test.cei.smartalarm_serveur.smartalarm_serveur.src.ceiSmartalarm.Log info
INFO: Drop odd webhook succeeded.
Sep 15, 2017 9:36:15 AM com.spring.test.cei.smartalarm_serveur.smartalarm_serveur.src.ceiSmartalarm.Log info
INFO: Add new addhook succeeded: http://43.ip-51-255-41.eu:8081/api/netatmo
Sep 15, 2017 9:36:15 AM com.spring.test.cei.smartalarm_serveur.smartalarm_serveur.src.ceiSmartalarm.Log info
INFO: Server started, listening on port : 8081
